SF:lib\account\user_state_model.dart
DA:6,1
DA:8,1
DA:9,1
DA:10,1
DA:13,1
DA:15,1
DA:16,1
LF:7
LH:7
end_of_record
SF:lib\apiclient\api_client.dart
DA:13,2
DA:15,1
DA:17,1
DA:18,7
DA:19,1
DA:20,2
DA:21,7
DA:23,4
DA:24,2
DA:27,0
DA:28,0
DA:31,0
DA:32,0
DA:33,0
DA:34,0
DA:35,0
DA:37,0
DA:38,0
DA:41,0
DA:44,0
DA:45,0
DA:46,0
DA:47,0
DA:48,0
DA:51,0
DA:52,0
DA:55,0
DA:58,0
DA:59,0
DA:61,0
DA:62,0
DA:63,0
DA:66,0
DA:70,0
DA:71,0
DA:74,0
DA:77,1
DA:78,7
DA:79,1
DA:80,2
DA:82,11
DA:83,3
DA:84,3
DA:85,4
DA:86,5
DA:89,6
DA:92,1
DA:93,7
DA:94,1
DA:95,2
DA:97,11
DA:98,3
DA:99,3
DA:100,4
DA:101,3
DA:104,0
DA:105,0
DA:108,1
DA:109,3
DA:117,1
LF:60
LH:31
end_of_record
SF:lib\logger.dart
DA:4,1
DA:6,0
LF:2
LH:1
end_of_record
SF:lib\common\charisma_dropdown_widget.dart
DA:18,1
DA:28,1
DA:29,1
DA:37,1
DA:39,1
DA:40,1
DA:42,1
DA:43,1
DA:44,2
DA:45,1
DA:50,1
DA:51,1
DA:53,1
DA:54,1
DA:55,1
DA:57,4
DA:58,1
DA:59,5
DA:61,3
DA:63,1
DA:64,0
DA:65,0
DA:66,0
DA:68,0
DA:77,1
DA:78,3
DA:79,1
DA:82,1
DA:84,1
DA:85,1
DA:86,1
DA:87,2
DA:88,1
DA:89,1
DA:94,1
DA:104,1
DA:106,0
DA:109,1
DA:111,0
DA:112,0
LF:40
LH:33
end_of_record
SF:lib\common\charisma_textformfield_widget.dart
DA:35,1
DA:51,1
DA:52,1
DA:59,0
DA:60,0
DA:61,0
DA:65,1
DA:67,3
DA:68,1
DA:71,1
DA:73,1
DA:74,3
DA:75,1
DA:77,1
DA:78,1
DA:79,2
DA:80,1
DA:85,1
DA:86,1
DA:87,1
DA:88,2
DA:89,2
DA:90,1
DA:91,2
DA:93,1
DA:94,1
DA:95,1
DA:99,1
DA:100,1
DA:104,2
DA:105,1
DA:114,1
DA:115,3
DA:116,1
DA:119,1
DA:121,1
DA:122,1
DA:123,1
DA:124,2
DA:125,1
DA:126,1
DA:131,1
DA:136,1
DA:137,2
DA:138,0
DA:139,0
DA:140,0
DA:142,0
LF:48
LH:41
end_of_record
SF:lib\common\video_player_widget.dart
DA:9,0
DA:11,0
DA:12,0
DA:17,0
DA:19,0
DA:21,0
DA:23,0
DA:24,0
DA:25,0
DA:26,0
DA:27,0
DA:28,0
DA:29,0
DA:34,0
DA:37,0
DA:39,0
DA:40,0
DA:41,0
DA:42,0
DA:43,0
DA:44,0
DA:45,0
DA:46,0
DA:47,0
DA:48,0
DA:49,0
DA:50,0
DA:53,0
DA:54,0
DA:57,0
DA:58,0
DA:59,0
DA:61,0
DA:62,0
DA:64,0
DA:68,0
DA:69,0
DA:74,0
DA:82,0
DA:83,0
DA:84,0
DA:85,0
DA:87,0
DA:88,0
DA:89,0
DA:90,0
DA:91,0
DA:99,0
DA:102,0
DA:103,0
LF:50
LH:0
end_of_record
