SF:lib/apiclient/api_client.dart
DA:9,2
DA:10,1
DA:12,1
DA:13,2
DA:14,5
DA:15,0
DA:16,1
DA:17,2
DA:18,2
DA:19,5
DA:20,3
DA:21,3
DA:22,4
DA:23,2
DA:25,0
DA:26,0
DA:29,1
DA:30,3
LF:18
LH:15
end_of_record
SF:lib/common/charisma_textformfield_widget.dart
DA:24,1
DA:36,1
DA:37,1
DA:42,1
DA:44,1
DA:45,1
DA:47,1
DA:48,1
DA:49,2
DA:50,1
DA:55,1
DA:56,1
DA:58,1
DA:59,2
DA:60,1
DA:61,1
DA:62,1
DA:74,1
DA:75,3
DA:76,1
DA:79,1
DA:81,1
DA:82,1
DA:83,1
DA:84,2
DA:85,1
DA:86,1
DA:91,1
LF:28
LH:28
end_of_record
SF:lib/common/charisma_dropdown_widget.dart
DA:18,1
DA:28,1
DA:29,1
DA:37,1
DA:39,1
DA:40,1
DA:42,1
DA:43,1
DA:44,2
DA:45,1
DA:50,1
DA:51,1
DA:53,1
DA:54,1
DA:55,1
DA:57,4
DA:58,1
DA:59,5
DA:61,3
DA:63,1
DA:64,0
DA:65,0
DA:66,0
DA:68,0
DA:77,1
DA:78,3
DA:79,1
DA:82,1
DA:84,1
DA:85,1
DA:86,1
DA:87,2
DA:88,1
DA:89,1
DA:94,1
DA:104,1
LF:36
LH:32
end_of_record
SF:lib/account/login_page_widget.dart
DA:5,0
DA:7,0
LF:2
LH:0
end_of_record
SF:lib/account/profile_page_widget.dart
DA:5,0
DA:7,0
LF:2
LH:0
end_of_record
SF:lib/account/signup_page_widget.dart
DA:10,0
DA:12,0
DA:13,0
DA:14,0
DA:17,0
DA:21,0
DA:22,0
DA:23,0
DA:25,0
DA:26,0
DA:27,0
DA:28,0
DA:29,0
DA:31,0
DA:32,0
DA:33,0
DA:34,0
DA:39,0
DA:40,0
DA:41,0
DA:43,0
DA:44,0
DA:45,0
DA:49,0
DA:50,0
DA:51,0
DA:55,0
DA:56,0
DA:57,0
DA:60,0
DA:61,0
DA:62,0
DA:65,0
DA:66,0
DA:67,0
DA:70,0
DA:71,0
DA:72,0
DA:73,0
DA:75,0
DA:76,0
DA:78,0
DA:79,0
DA:80,0
DA:81,0
DA:82,0
DA:84,0
DA:99,0
DA:100,0
DA:101,0
DA:102,0
DA:103,0
DA:104,0
DA:105,0
LF:54
LH:0
end_of_record
SF:lib/navigation/router_delegate.dart
DA:18,1
DA:21,0
DA:24,0
DA:25,0
DA:27,0
DA:29,0
DA:30,0
DA:31,0
DA:32,0
DA:36,0
DA:37,0
DA:39,0
DA:41,0
DA:42,0
DA:43,0
DA:46,0
DA:48,0
DA:49,0
DA:50,0
DA:52,0
DA:55,0
DA:56,0
DA:59,0
DA:60,0
DA:61,0
DA:65,0
DA:66,0
DA:70,0
DA:71,0
DA:76,0
DA:77,0
DA:78,0
DA:80,0
DA:83,0
DA:84,0
DA:85,0
DA:86,0
DA:87,0
DA:88,0
DA:89,0
DA:90,0
DA:91,0
DA:92,0
DA:96,0
DA:97,0
DA:98,0
DA:102,0
DA:103,0
DA:105,0
DA:106,0
DA:110,0
DA:111,0
DA:112,0
DA:120,0
LF:54
LH:1
end_of_record
SF:lib/navigation/ui_pages.dart
DA:8,3
DA:20,3
LF:2
LH:2
end_of_record
SF:lib/common/network_image_builder.dart
DA:5,0
DA:6,0
LF:2
LH:0
end_of_record
SF:lib/common/video_player_widget.dart
DA:10,2
DA:12,2
DA:13,2
DA:22,2
DA:24,2
DA:25,8
DA:27,4
DA:28,2
DA:29,2
DA:34,2
DA:40,2
DA:47,6
DA:48,4
DA:49,2
DA:51,4
DA:52,0
DA:53,0
DA:54,0
DA:55,0
DA:56,0
DA:57,0
DA:60,0
DA:61,0
DA:66,0
DA:67,0
DA:68,0
DA:72,2
DA:74,2
DA:75,2
DA:76,2
DA:81,2
DA:83,4
DA:84,4
DA:85,2
LF:34
LH:23
end_of_record
SF:lib/home/hero_image_widget.dart
DA:4,2
DA:8,1
DA:10,2
DA:11,1
DA:12,6
DA:16,1
DA:18,1
DA:20,1
DA:22,3
DA:24,1
DA:25,4
DA:26,1
DA:28,1
LF:13
LH:13
end_of_record
SF:lib/home/home_page_videos_widget.dart
DA:6,2
DA:10,1
DA:11,1
DA:17,1
DA:19,1
DA:20,1
DA:21,1
DA:22,1
DA:24,1
DA:25,1
DA:28,4
DA:29,1
DA:32,1
DA:34,1
DA:36,3
DA:38,1
DA:39,5
DA:40,1
DA:42,1
DA:48,1
DA:50,1
DA:52,3
DA:54,1
DA:55,5
DA:56,1
DA:58,1
DA:64,1
DA:66,3
DA:67,1
DA:68,1
DA:70,1
DA:75,2
DA:76,1
DA:77,1
DA:78,1
DA:79,1
DA:81,1
DA:82,1
DA:83,1
DA:84,1
DA:85,1
DA:86,1
DA:91,1
DA:92,2
DA:93,1
DA:95,1
DA:96,1
DA:97,1
DA:99,1
DA:100,3
DA:101,3
DA:103,1
DA:107,3
DA:110,1
DA:113,1
DA:114,2
DA:115,0
DA:116,1
DA:117,1
DA:119,1
DA:120,3
DA:121,3
DA:123,1
DA:124,1
DA:130,3
DA:134,1
DA:135,0
DA:136,0
DA:137,0
DA:138,1
DA:139,3
DA:141,1
DA:144,1
DA:145,1
DA:146,1
DA:148,4
DA:149,1
DA:150,6
LF:78
LH:74
end_of_record
SF:lib/home/home_page_widget.dart
DA:16,2
DA:20,1
DA:21,1
DA:25,1
DA:27,1
DA:28,1
DA:29,3
DA:30,1
DA:31,1
DA:32,1
DA:34,1
DA:35,1
DA:36,1
DA:37,1
DA:38,1
DA:39,1
DA:40,0
DA:42,1
DA:43,1
DA:45,1
DA:46,1
DA:47,1
DA:48,1
DA:49,0
DA:50,0
DA:56,1
DA:57,1
DA:58,1
DA:60,1
DA:61,1
DA:62,1
DA:65,1
DA:68,1
DA:71,1
DA:74,1
DA:83,1
DA:84,0
DA:85,0
DA:86,0
DA:89,1
DA:90,1
LF:41
LH:35
end_of_record
SF:lib/home/how_charisma_works_widget.dart
DA:4,2
DA:8,1
DA:10,1
DA:11,1
DA:12,1
DA:14,1
DA:15,1
DA:16,3
DA:17,1
DA:20,1
DA:21,1
DA:22,1
DA:25,1
DA:26,1
DA:27,1
DA:28,6
DA:30,1
DA:31,6
DA:33,1
DA:36,1
DA:38,1
DA:39,1
DA:47,1
DA:50,1
DA:51,1
DA:52,4
DA:53,1
DA:54,1
DA:59,1
DA:62,1
DA:63,1
DA:64,1
DA:67,1
DA:68,1
DA:69,1
DA:70,6
DA:72,1
DA:73,6
DA:75,1
DA:78,1
DA:80,1
DA:81,1
DA:89,1
DA:92,1
DA:93,1
DA:94,4
DA:95,1
DA:96,1
DA:101,1
DA:104,1
DA:105,1
DA:106,1
DA:109,1
DA:110,1
DA:111,1
DA:112,6
DA:114,1
DA:115,6
DA:117,1
DA:120,1
DA:122,1
DA:123,1
DA:131,1
DA:134,1
DA:135,1
DA:136,4
DA:137,1
DA:138,1
DA:143,1
DA:146,1
DA:147,1
DA:148,1
DA:151,1
DA:152,1
DA:153,1
DA:154,6
DA:156,1
DA:157,6
DA:159,1
DA:162,1
DA:164,1
DA:165,1
DA:173,1
DA:176,1
DA:178,1
DA:179,1
DA:180,4
DA:181,1
DA:183,1
DA:185,1
DA:186,4
DA:187,1
DA:188,1
LF:93
LH:93
end_of_record
